{
  "stats": {
    "suites": 1,
    "tests": 7,
    "passes": 7,
    "pending": 0,
    "failures": 0,
    "start": "2024-08-12T09:28:43.722Z",
    "end": "2024-08-12T09:29:30.963Z",
    "duration": 47241,
    "testsRegistered": 7,
    "passPercent": 100,
    "pendingPercent": 0,
    "other": 0,
    "hasOther": false,
    "skipped": 0,
    "hasSkipped": false
  },
  "results": [
    {
      "uuid": "bf0d8906-d112-41fd-a76d-0f6e219d6cc4",
      "title": "",
      "fullFile": "/home/hannaannjoseph/Desktop/selenium-mocha-chai/test/loginTest.js",
      "file": "/test/loginTest.js",
      "beforeHooks": [],
      "afterHooks": [],
      "tests": [],
      "suites": [
        {
          "uuid": "e52716b2-57dd-4fa3-94ac-e0ffddf6674d",
          "title": "Enmasse Login Page",
          "fullFile": "/home/hannaannjoseph/Desktop/selenium-mocha-chai/test/loginTest.js",
          "file": "/test/loginTest.js",
          "beforeHooks": [
            {
              "title": "\"before all\" hook in \"Enmasse Login Page\"",
              "fullTitle": "Enmasse Login Page \"before all\" hook in \"Enmasse Login Page\"",
              "timedOut": false,
              "duration": 13,
              "state": null,
              "speed": null,
              "pass": false,
              "fail": false,
              "pending": false,
              "context": null,
              "code": "const chai = await import('chai');\nexpect = chai.expect;",
              "err": {},
              "uuid": "61347851-ca90-47b7-9e4d-8ad5f9730d21",
              "parentUUID": "e52716b2-57dd-4fa3-94ac-e0ffddf6674d",
              "isHook": true,
              "skipped": false
            },
            {
              "title": "\"before each\" hook in \"Enmasse Login Page\"",
              "fullTitle": "Enmasse Login Page \"before each\" hook in \"Enmasse Login Page\"",
              "timedOut": false,
              "duration": 6136,
              "state": null,
              "speed": null,
              "pass": false,
              "fail": false,
              "pending": false,
              "context": null,
              "code": "driver = await new Builder().forBrowser('chrome').build();\nawait driver.get('https://dev-ei.enmasse.world/login');",
              "err": {},
              "uuid": "65e39168-9a13-4c1d-9fe4-16bc07e7351f",
              "parentUUID": "e52716b2-57dd-4fa3-94ac-e0ffddf6674d",
              "isHook": true,
              "skipped": false
            }
          ],
          "afterHooks": [
            {
              "title": "\"after each\" hook in \"Enmasse Login Page\"",
              "fullTitle": "Enmasse Login Page \"after each\" hook in \"Enmasse Login Page\"",
              "timedOut": false,
              "duration": 55,
              "state": null,
              "speed": null,
              "pass": false,
              "fail": false,
              "pending": false,
              "context": null,
              "code": "await driver.quit();",
              "err": {},
              "uuid": "f6e66902-66cb-4724-ba14-33d0174131ef",
              "parentUUID": "e52716b2-57dd-4fa3-94ac-e0ffddf6674d",
              "isHook": true,
              "skipped": false
            }
          ],
          "tests": [
            {
              "title": "Valid Credentials",
              "fullTitle": "Enmasse Login Page Valid Credentials",
              "timedOut": false,
              "duration": 1792,
              "state": "passed",
              "speed": "slow",
              "pass": true,
              "fail": false,
              "pending": false,
              "context": null,
              "code": "await driver.findElement(By.name('email_id')).sendKeys('hanna.joseph@tarento.com');\nawait driver.findElement(By.name('password')).sendKeys('Welcome@2024');\nawait driver.findElement(By.css('button[type=\"submit\"]')).click();\ntry {\n  await driver.wait(until.urlContains('?country=1'), 5000);\n  const currentUrl = await driver.getCurrentUrl();\n  expect(currentUrl).to.include('?country=1');\n  await driver.wait(until.elementLocated(By.css(img[alt=\"logo\"])))\n  const logo = await driver.findElement(By.css(img[alt=\"logo\"]))\n  expect (logo).to.not.be.null;\n  await driver.wait(until.elementLocated(By.css('label.Switch_switch__DXSwB input[name=\"coreSolution\"]')))\n  const coreSolution = await driver.findElement(By.css('label.Switch_switch__DXSwB input[name=\"coreSolution\"]'))\n  expect (coreSolution).to.not.be.null;\n  console.log('Successful Login');\n} catch (error) {\n  console.log('Login failed for valid credentials');\n}",
              "err": {},
              "uuid": "fbc18a19-891e-4db7-91b3-3bd1484ff424",
              "parentUUID": "e52716b2-57dd-4fa3-94ac-e0ffddf6674d",
              "isHook": false,
              "skipped": false
            },
            {
              "title": "Invalid Credentials",
              "fullTitle": "Enmasse Login Page Invalid Credentials",
              "timedOut": false,
              "duration": 486,
              "state": "passed",
              "speed": "slow",
              "pass": true,
              "fail": false,
              "pending": false,
              "context": null,
              "code": "await driver.findElement(By.name('email_id')).sendKeys('hanna.joseph@tarent.com');\nawait driver.findElement(By.name('password')).sendKeys('Welcome@12%');\nawait driver.findElement(By.css('button[type=\"submit\"]')).click();\ntry {\n  await driver.wait(until.urlContains('login'), 5000);\n  const currentUrl = await driver.getCurrentUrl();\n  expect(currentUrl).to.include('login');\n  console.log('Invalid Email and Password');\n} catch (error) {\n  console.log('Unexpected Error');\n}",
              "err": {},
              "uuid": "acb371c5-9aaa-417e-abad-76935c3b8a65",
              "parentUUID": "e52716b2-57dd-4fa3-94ac-e0ffddf6674d",
              "isHook": false,
              "skipped": false
            },
            {
              "title": "Invalid Email",
              "fullTitle": "Enmasse Login Page Invalid Email",
              "timedOut": false,
              "duration": 509,
              "state": "passed",
              "speed": "slow",
              "pass": true,
              "fail": false,
              "pending": false,
              "context": null,
              "code": "await driver.findElement(By.name('email_id')).sendKeys('hanna.joseph@tarent.com');\nawait driver.findElement(By.name('password')).sendKeys('Welcome@2024');\nawait driver.findElement(By.css('button[type=\"submit\"]')).click();\ntry {\n  await driver.wait(until.urlContains('login'), 5000);\n  const currentUrl = await driver.getCurrentUrl();\n  expect(currentUrl).to.include('login');\n  console.log('Email is invalid');\n} catch (error) {\n  console.log('Unexpected Error');\n}",
              "err": {},
              "uuid": "3b0547f0-82bd-48c0-9583-563cbd62f64c",
              "parentUUID": "e52716b2-57dd-4fa3-94ac-e0ffddf6674d",
              "isHook": false,
              "skipped": false
            },
            {
              "title": "Invalid Password",
              "fullTitle": "Enmasse Login Page Invalid Password",
              "timedOut": false,
              "duration": 458,
              "state": "passed",
              "speed": "slow",
              "pass": true,
              "fail": false,
              "pending": false,
              "context": null,
              "code": "await driver.findElement(By.name('email_id')).sendKeys('hanna.joseph@tarento.com');\nawait driver.findElement(By.name('password')).sendKeys('Welcome@12');\nawait driver.findElement(By.css('button[type=\"submit\"]')).click();\ntry {\n  await driver.wait(until.urlContains('login'), 5000);\n  const currentUrl = await driver.getCurrentUrl();\n  expect(currentUrl).to.include('login');\n  console.log('Password is invalid');\n} catch (error) {\n  console.log('Unexpected Error');\n}",
              "err": {},
              "uuid": "297e8756-51ba-4846-86fe-ce5b16c5ec9c",
              "parentUUID": "e52716b2-57dd-4fa3-94ac-e0ffddf6674d",
              "isHook": false,
              "skipped": false
            },
            {
              "title": "Empty Email Field",
              "fullTitle": "Enmasse Login Page Empty Email Field",
              "timedOut": false,
              "duration": 218,
              "state": "passed",
              "speed": "slow",
              "pass": true,
              "fail": false,
              "pending": false,
              "context": null,
              "code": "await driver.findElement(By.name('password')).sendKeys('Welcome@2024');\n\nconst submitButton = await driver.findElement(By.css('button[type=\"submit\"]'));\nconst isButtonEnabled = await submitButton.isEnabled();\nexpect(isButtonEnabled).to.be.false;\n\nif (!isButtonEnabled) {\n  console.log('Email field is empty');\n} else {\n  console.log('Unexpected Error');\n}",
              "err": {},
              "uuid": "9743b300-24a4-4078-b03b-4fc1ac7dfdff",
              "parentUUID": "e52716b2-57dd-4fa3-94ac-e0ffddf6674d",
              "isHook": false,
              "skipped": false
            },
            {
              "title": "Empty Password Field",
              "fullTitle": "Enmasse Login Page Empty Password Field",
              "timedOut": false,
              "duration": 250,
              "state": "passed",
              "speed": "slow",
              "pass": true,
              "fail": false,
              "pending": false,
              "context": null,
              "code": "await driver.findElement(By.name('email_id')).sendKeys('hanna.joseph@tarento.com');\n\nconst submitButton = await driver.findElement(By.css('button[type=\"submit\"]'));\nconst isButtonEnabled = await submitButton.isEnabled();\nexpect(isButtonEnabled).to.be.false;\n\nif (!isButtonEnabled) {\n  console.log('Password field is empty');\n} else {\n  console.log('Unexpected Error');\n}",
              "err": {},
              "uuid": "5971738d-f9c0-42ca-a093-b95e68bd9c07",
              "parentUUID": "e52716b2-57dd-4fa3-94ac-e0ffddf6674d",
              "isHook": false,
              "skipped": false
            },
            {
              "title": "Empty Fields",
              "fullTitle": "Enmasse Login Page Empty Fields",
              "timedOut": false,
              "duration": 31,
              "state": "passed",
              "speed": "fast",
              "pass": true,
              "fail": false,
              "pending": false,
              "context": null,
              "code": "const submitButton = await driver.findElement(By.css('button[type=\"submit\"]'));\nconst isButtonEnabled = await submitButton.isEnabled();\nexpect(isButtonEnabled).to.be.false;\n\nif (!isButtonEnabled) {\n  console.log('Email and Password fields are empty');\n} else {\n  console.log('Unexpected Error');\n}",
              "err": {},
              "uuid": "418ff258-83ec-459f-aa5c-15d94debaae4",
              "parentUUID": "e52716b2-57dd-4fa3-94ac-e0ffddf6674d",
              "isHook": false,
              "skipped": false
            }
          ],
          "suites": [],
          "passes": [
            "fbc18a19-891e-4db7-91b3-3bd1484ff424",
            "acb371c5-9aaa-417e-abad-76935c3b8a65",
            "3b0547f0-82bd-48c0-9583-563cbd62f64c",
            "297e8756-51ba-4846-86fe-ce5b16c5ec9c",
            "9743b300-24a4-4078-b03b-4fc1ac7dfdff",
            "5971738d-f9c0-42ca-a093-b95e68bd9c07",
            "418ff258-83ec-459f-aa5c-15d94debaae4"
          ],
          "failures": [],
          "pending": [],
          "skipped": [],
          "duration": 3744,
          "root": false,
          "rootEmpty": false,
          "_timeout": 120000
        }
      ],
      "passes": [],
      "failures": [],
      "pending": [],
      "skipped": [],
      "duration": 0,
      "root": true,
      "rootEmpty": true,
      "_timeout": 2000
    }
  ],
  "meta": {
    "mocha": {
      "version": "10.7.0"
    },
    "mochawesome": {
      "options": {
        "quiet": false,
        "reportFilename": "mochawesome",
        "saveHtml": true,
        "saveJson": true,
        "consoleReporter": "spec",
        "useInlineDiffs": false,
        "code": true
      },
      "version": "7.1.3"
    },
    "marge": {
      "options": null,
      "version": "6.2.0"
    }
  }
}